# JRE version: OpenJDK Runtime Environment (21.0.6) (build 21.0.6+-13368085-b895.109)
# Java VM: OpenJDK 64-Bit Server VM (21.0.6+-13368085-b895.109, mixed mode, tiered, compressed oops, compressed class ptrs, g1 gc, windows-amd64)
GC Precious Log:
 CardTable entry size: 512
 Card Set container configuration: InlinePtr #cards 5 size 8 Array Of Cards #cards 12 size 40 Howl #buckets 4 coarsen threshold 1843 Howl Bitmap #cards 512 size 80 coarsen threshold 460 Card regions per heap region 1 cards per card region 2048
 CPUs: 8 total, 8 available
 Memory: 7103M
 Large Page Support: Disabled
 NUMA Support: Disabled
 Compressed Oops: Enabled (32-bit)
 Heap Region Size: 1M
 Heap Min Capacity: 8M
 Heap Initial Capacity: 112M
 Heap Max Capacity: 2G
 Pre-touch: Disabled
 Parallel Workers: 8
 Concurrent Workers: 2
 Concurrent Refinement Workers: 8
 Periodic GC: Disabled
Heap:
 garbage-first heap   total 401408K, used 255732K [0x0000000080000000, 0x0000000100000000)
  region size 1024K, 16 young (16384K), 10 survivors (10240K)
 Metaspace       used 210602K, committed 213632K, reserved 1245184K
  class space    used 26572K, committed 28096K, reserved 1048576K
GC Heap History (20 events):
Event: 38.258 GC heap before
{Heap before GC invocations=54 (full 0):
 garbage-first heap   total 329728K, used 279324K [0x0000000080000000, 0x0000000100000000)
  region size 1024K, 86 young (88064K), 6 survivors (6144K)
 Metaspace       used 161642K, committed 164224K, reserved 1245184K
  class space    used 20564K, committed 21824K, reserved 1048576K
}
Event: 38.285 GC heap after
{Heap after GC invocations=55 (full 0):
 garbage-first heap   total 329728K, used 199452K [0x0000000080000000, 0x0000000100000000)
  region size 1024K, 8 young (8192K), 8 survivors (8192K)
 Metaspace       used 161642K, committed 164224K, reserved 1245184K
  class space    used 20564K, committed 21824K, reserved 1048576K
}
Event: 41.123 GC heap before
{Heap before GC invocations=55 (full 0):
 garbage-first heap   total 329728K, used 304924K [0x0000000080000000, 0x0000000100000000)
  region size 1024K, 110 young (112640K), 8 survivors (8192K)
 Metaspace       used 169279K, committed 171968K, reserved 1245184K
  class space    used 21786K, committed 23104K, reserved 1048576K
}
Event: 41.161 GC heap after
{Heap after GC invocations=56 (full 0):
 garbage-first heap   total 329728K, used 202721K [0x0000000080000000, 0x0000000100000000)
  region size 1024K, 8 young (8192K), 8 survivors (8192K)
 Metaspace       used 169279K, committed 171968K, reserved 1245184K
  class space    used 21786K, committed 23104K, reserved 1048576K
}
Event: 41.867 GC heap before
{Heap before GC invocations=56 (full 0):
 garbage-first heap   total 329728K, used 229345K [0x0000000080000000, 0x0000000100000000)
  region size 1024K, 36 young (36864K), 8 survivors (8192K)
 Metaspace       used 171187K, committed 173824K, reserved 1245184K
  class space    used 21972K, committed 23296K, reserved 1048576K
}
Event: 41.879 GC heap after
{Heap after GC invocations=57 (full 0):
 garbage-first heap   total 329728K, used 199468K [0x0000000080000000, 0x0000000100000000)
  region size 1024K, 11 young (11264K), 11 survivors (11264K)
 Metaspace       used 171187K, committed 173824K, reserved 1245184K
  class space    used 21972K, committed 23296K, reserved 1048576K
}
Event: 45.247 GC heap before
{Heap before GC invocations=58 (full 0):
 garbage-first heap   total 365568K, used 318252K [0x0000000080000000, 0x0000000100000000)
  region size 1024K, 108 young (110592K), 11 survivors (11264K)
 Metaspace       used 177440K, committed 180224K, reserved 1245184K
  class space    used 22772K, committed 24128K, reserved 1048576K
}
Event: 45.283 GC heap after
{Heap after GC invocations=59 (full 0):
 garbage-first heap   total 365568K, used 224667K [0x0000000080000000, 0x0000000100000000)
  region size 1024K, 14 young (14336K), 14 survivors (14336K)
 Metaspace       used 177440K, committed 180224K, reserved 1245184K
  class space    used 22772K, committed 24128K, reserved 1048576K
}
Event: 47.439 GC heap before
{Heap before GC invocations=59 (full 0):
 garbage-first heap   total 365568K, used 330139K [0x0000000080000000, 0x0000000100000000)
  region size 1024K, 118 young (120832K), 14 survivors (14336K)
 Metaspace       used 177855K, committed 180672K, reserved 1245184K
  class space    used 22814K, committed 24192K, reserved 1048576K
}
Event: 47.533 GC heap after
{Heap after GC invocations=60 (full 0):
 garbage-first heap   total 365568K, used 229376K [0x0000000080000000, 0x0000000100000000)
  region size 1024K, 8 young (8192K), 8 survivors (8192K)
 Metaspace       used 177855K, committed 180672K, reserved 1245184K
  class space    used 22814K, committed 24192K, reserved 1048576K
}
Event: 52.127 GC heap before
{Heap before GC invocations=60 (full 0):
 garbage-first heap   total 365568K, used 338944K [0x0000000080000000, 0x0000000100000000)
  region size 1024K, 114 young (116736K), 8 survivors (8192K)
 Metaspace       used 189009K, committed 191936K, reserved 1245184K
  class space    used 24224K, committed 25664K, reserved 1048576K
}
Event: 52.158 GC heap after
{Heap after GC invocations=61 (full 0):
 garbage-first heap   total 365568K, used 235520K [0x0000000080000000, 0x0000000100000000)
  region size 1024K, 14 young (14336K), 14 survivors (14336K)
 Metaspace       used 189009K, committed 191936K, reserved 1245184K
  class space    used 24224K, committed 25664K, reserved 1048576K
}
Event: 55.487 GC heap before
{Heap before GC invocations=61 (full 0):
 garbage-first heap   total 365568K, used 330752K [0x0000000080000000, 0x0000000100000000)
  region size 1024K, 108 young (110592K), 14 survivors (14336K)
 Metaspace       used 193495K, committed 196416K, reserved 1245184K
  class space    used 24753K, committed 26240K, reserved 1048576K
}
Event: 55.508 GC heap after
{Heap after GC invocations=62 (full 0):
 garbage-first heap   total 365568K, used 241469K [0x0000000080000000, 0x0000000100000000)
  region size 1024K, 14 young (14336K), 14 survivors (14336K)
 Metaspace       used 193495K, committed 196416K, reserved 1245184K
  class space    used 24753K, committed 26240K, reserved 1048576K
}
Event: 58.753 GC heap before
{Heap before GC invocations=63 (full 0):
 garbage-first heap   total 401408K, used 327485K [0x0000000080000000, 0x0000000100000000)
  region size 1024K, 100 young (102400K), 14 survivors (14336K)
 Metaspace       used 201086K, committed 204096K, reserved 1245184K
  class space    used 25557K, committed 27072K, reserved 1048576K
}
Event: 58.820 GC heap after
{Heap after GC invocations=64 (full 0):
 garbage-first heap   total 401408K, used 246840K [0x0000000080000000, 0x0000000100000000)
  region size 1024K, 7 young (7168K), 7 survivors (7168K)
 Metaspace       used 201086K, committed 204096K, reserved 1245184K
  class space    used 25557K, committed 27072K, reserved 1048576K
}
Event: 96.302 GC heap before
{Heap before GC invocations=64 (full 0):
 garbage-first heap   total 401408K, used 370744K [0x0000000080000000, 0x0000000100000000)
  region size 1024K, 129 young (132096K), 7 survivors (7168K)
 Metaspace       used 210421K, committed 213440K, reserved 1245184K
  class space    used 26552K, committed 28096K, reserved 1048576K
}
Event: 96.617 GC heap after
{Heap after GC invocations=65 (full 0):
 garbage-first heap   total 401408K, used 247156K [0x0000000080000000, 0x0000000100000000)
  region size 1024K, 15 young (15360K), 15 survivors (15360K)
 Metaspace       used 210421K, committed 213440K, reserved 1245184K
  class space    used 26552K, committed 28096K, reserved 1048576K
}
Event: 113.441 GC heap before
{Heap before GC invocations=65 (full 0):
 garbage-first heap   total 401408K, used 305524K [0x0000000080000000, 0x0000000100000000)
  region size 1024K, 74 young (75776K), 15 survivors (15360K)
 Metaspace       used 210528K, committed 213568K, reserved 1245184K
  class space    used 26556K, committed 28096K, reserved 1048576K
}
Event: 113.595 GC heap after
{Heap after GC invocations=66 (full 0):
 garbage-first heap   total 401408K, used 248564K [0x0000000080000000, 0x0000000100000000)
  region size 1024K, 10 young (10240K), 10 survivors (10240K)
 Metaspace       used 210528K, committed 213568K, reserved 1245184K
  class space    used 26556K, committed 28096K, reserved 1048576K
}

