# JRE version: OpenJDK Runtime Environment (21.0.6) (build 21.0.6+-13368085-b895.109)
# Java VM: OpenJDK 64-Bit Server VM (21.0.6+-13368085-b895.109, mixed mode, tiered, compressed oops, compressed class ptrs, g1 gc, windows-amd64)
GC Precious Log:
 CardTable entry size: 512
 Card Set container configuration: InlinePtr #cards 5 size 8 Array Of Cards #cards 12 size 40 Howl #buckets 4 coarsen threshold 1843 Howl Bitmap #cards 512 size 80 coarsen threshold 460 Card regions per heap region 1 cards per card region 2048
 CPUs: 8 total, 8 available
 Memory: 7103M
 Large Page Support: Disabled
 NUMA Support: Disabled
 Compressed Oops: Enabled (32-bit)
 Heap Region Size: 1M
 Heap Min Capacity: 8M
 Heap Initial Capacity: 112M
 Heap Max Capacity: 2G
 Pre-touch: Disabled
 Parallel Workers: 8
 Concurrent Workers: 2
 Concurrent Refinement Workers: 8
 Periodic GC: Disabled
Heap:
 garbage-first heap   total 464896K, used 387579K [0x0000000080000000, 0x0000000100000000)
  region size 1024K, 87 young (89088K), 10 survivors (10240K)
 Metaspace       used 226838K, committed 229888K, reserved 1310720K
  class space    used 28410K, committed 29952K, reserved 1048576K
GC Heap History (20 events):
Event: 77.096 GC heap before
{Heap before GC invocations=65 (full 0):
 garbage-first heap   total 399360K, used 370463K [0x0000000080000000, 0x0000000100000000)
  region size 1024K, 132 young (135168K), 15 survivors (15360K)
 Metaspace       used 190487K, committed 193280K, reserved 1245184K
  class space    used 24180K, committed 25600K, reserved 1048576K
}
Event: 77.183 GC heap after
{Heap after GC invocations=66 (full 0):
 garbage-first heap   total 399360K, used 245848K [0x0000000080000000, 0x0000000100000000)
  region size 1024K, 9 young (9216K), 9 survivors (9216K)
 Metaspace       used 190487K, committed 193280K, reserved 1245184K
  class space    used 24180K, committed 25600K, reserved 1048576K
}
Event: 77.584 GC heap before
{Heap before GC invocations=66 (full 0):
 garbage-first heap   total 399360K, used 261208K [0x0000000080000000, 0x0000000100000000)
  region size 1024K, 26 young (26624K), 9 survivors (9216K)
 Metaspace       used 191792K, committed 194560K, reserved 1245184K
  class space    used 24330K, committed 25728K, reserved 1048576K
}
Event: 77.596 GC heap after
{Heap after GC invocations=67 (full 0):
 garbage-first heap   total 399360K, used 248556K [0x0000000080000000, 0x0000000100000000)
  region size 1024K, 11 young (11264K), 11 survivors (11264K)
 Metaspace       used 191792K, committed 194560K, reserved 1245184K
  class space    used 24330K, committed 25728K, reserved 1048576K
}
Event: 81.711 GC heap before
{Heap before GC invocations=68 (full 0):
 garbage-first heap   total 411648K, used 360172K [0x0000000080000000, 0x0000000100000000)
  region size 1024K, 122 young (124928K), 11 survivors (11264K)
 Metaspace       used 203360K, committed 206272K, reserved 1245184K
  class space    used 25856K, committed 27328K, reserved 1048576K
}
Event: 81.772 GC heap after
{Heap after GC invocations=69 (full 0):
 garbage-first heap   total 411648K, used 248429K [0x0000000080000000, 0x0000000100000000)
  region size 1024K, 7 young (7168K), 7 survivors (7168K)
 Metaspace       used 203360K, committed 206272K, reserved 1245184K
  class space    used 25856K, committed 27328K, reserved 1048576K
}
Event: 96.024 GC heap before
{Heap before GC invocations=69 (full 0):
 garbage-first heap   total 411648K, used 375405K [0x0000000080000000, 0x0000000100000000)
  region size 1024K, 132 young (135168K), 7 survivors (7168K)
 Metaspace       used 215073K, committed 218048K, reserved 1245184K
  class space    used 27302K, committed 28800K, reserved 1048576K
}
Event: 96.180 GC heap after
{Heap after GC invocations=70 (full 0):
 garbage-first heap   total 411648K, used 241654K [0x0000000080000000, 0x0000000100000000)
  region size 1024K, 14 young (14336K), 14 survivors (14336K)
 Metaspace       used 215073K, committed 218048K, reserved 1245184K
  class space    used 27302K, committed 28800K, reserved 1048576K
}
Event: 107.973 GC heap before
{Heap before GC invocations=70 (full 0):
 garbage-first heap   total 411648K, used 373750K [0x0000000080000000, 0x0000000100000000)
  region size 1024K, 144 young (147456K), 14 survivors (14336K)
 Metaspace       used 215343K, committed 218304K, reserved 1245184K
  class space    used 27310K, committed 28800K, reserved 1048576K
}
Event: 108.029 GC heap after
{Heap after GC invocations=71 (full 0):
 garbage-first heap   total 411648K, used 246480K [0x0000000080000000, 0x0000000100000000)
  region size 1024K, 12 young (12288K), 12 survivors (12288K)
 Metaspace       used 215343K, committed 218304K, reserved 1245184K
  class space    used 27310K, committed 28800K, reserved 1048576K
}
Event: 119.225 GC heap before
{Heap before GC invocations=72 (full 0):
 garbage-first heap   total 411648K, used 376528K [0x0000000080000000, 0x0000000100000000)
  region size 1024K, 140 young (143360K), 12 survivors (12288K)
 Metaspace       used 223662K, committed 226688K, reserved 1310720K
  class space    used 28184K, committed 29696K, reserved 1048576K
}
Event: 119.387 GC heap after
{Heap after GC invocations=73 (full 0):
 garbage-first heap   total 411648K, used 254976K [0x0000000080000000, 0x0000000100000000)
  region size 1024K, 13 young (13312K), 13 survivors (13312K)
 Metaspace       used 223662K, committed 226688K, reserved 1310720K
  class space    used 28184K, committed 29696K, reserved 1048576K
}
Event: 627.760 GC heap before
{Heap before GC invocations=73 (full 0):
 garbage-first heap   total 411648K, used 391168K [0x0000000080000000, 0x0000000100000000)
  region size 1024K, 132 young (135168K), 13 survivors (13312K)
 Metaspace       used 226397K, committed 229440K, reserved 1310720K
  class space    used 28405K, committed 29952K, reserved 1048576K
}
Event: 627.993 GC heap after
{Heap after GC invocations=74 (full 0):
 garbage-first heap   total 425984K, used 272384K [0x0000000080000000, 0x0000000100000000)
  region size 1024K, 17 young (17408K), 17 survivors (17408K)
 Metaspace       used 226397K, committed 229440K, reserved 1310720K
  class space    used 28405K, committed 29952K, reserved 1048576K
}
Event: 628.015 GC heap before
{Heap before GC invocations=74 (full 0):
 garbage-first heap   total 425984K, used 272384K [0x0000000080000000, 0x0000000100000000)
  region size 1024K, 18 young (18432K), 17 survivors (17408K)
 Metaspace       used 226397K, committed 229440K, reserved 1310720K
  class space    used 28405K, committed 29952K, reserved 1048576K
}
Event: 628.049 GC heap after
{Heap after GC invocations=75 (full 0):
 garbage-first heap   total 425984K, used 276636K [0x0000000080000000, 0x0000000100000000)
  region size 1024K, 3 young (3072K), 3 survivors (3072K)
 Metaspace       used 226397K, committed 229440K, reserved 1310720K
  class space    used 28405K, committed 29952K, reserved 1048576K
}
Event: 631.587 GC heap before
{Heap before GC invocations=75 (full 0):
 garbage-first heap   total 464896K, used 346268K [0x0000000080000000, 0x0000000100000000)
  region size 1024K, 70 young (71680K), 3 survivors (3072K)
 Metaspace       used 226403K, committed 229440K, reserved 1310720K
  class space    used 28405K, committed 29952K, reserved 1048576K
}
Event: 631.656 GC heap after
{Heap after GC invocations=76 (full 0):
 garbage-first heap   total 464896K, used 289792K [0x0000000080000000, 0x0000000100000000)
  region size 1024K, 9 young (9216K), 9 survivors (9216K)
 Metaspace       used 226403K, committed 229440K, reserved 1310720K
  class space    used 28405K, committed 29952K, reserved 1048576K
}
Event: 634.373 GC heap before
{Heap before GC invocations=77 (full 0):
 garbage-first heap   total 464896K, used 369664K [0x0000000080000000, 0x0000000100000000)
  region size 1024K, 79 young (80896K), 9 survivors (9216K)
 Metaspace       used 226525K, committed 229568K, reserved 1310720K
  class space    used 28405K, committed 29952K, reserved 1048576K
}
Event: 634.422 GC heap after
{Heap after GC invocations=78 (full 0):
 garbage-first heap   total 464896K, used 307707K [0x0000000080000000, 0x0000000100000000)
  region size 1024K, 10 young (10240K), 10 survivors (10240K)
 Metaspace       used 226525K, committed 229568K, reserved 1310720K
  class space    used 28405K, committed 29952K, reserved 1048576K
}

